<?xml version="1.0" encoding="UTF-8"?>
<testng-results skipped="0" failed="0" ignored="0" total="1" passed="1">
  <reporter-output>
  </reporter-output>
  <suite name="Suite" duration-ms="6173" started-at="2021-06-12T13:13:26 PST" finished-at="2021-06-12T13:13:32 PST">
    <groups>
    </groups>
    <test name="Test" duration-ms="6173" started-at="2021-06-12T13:13:26 PST" finished-at="2021-06-12T13:13:32 PST">
      <class name="mavenforjenkins.Test1">
        <test-method status="PASS" signature="startBrowser()[pri:0, instance:mavenforjenkins.Test1@3b0143d3]" name="startBrowser" duration-ms="6135" started-at="2021-06-12T13:13:26 PST" finished-at="2021-06-12T13:13:32 PST">
          <reporter-output>
          </reporter-output>
        </test-method> <!-- startBrowser -->
      </class> <!-- mavenforjenkins.Test1 -->
    </test> <!-- Test -->
  </suite> <!-- Suite -->
</testng-results>
