<?xml version="1.0" encoding="UTF-8"?>
<testng-results ignored="0" total="1" passed="1" failed="0" skipped="0">
  <reporter-output>
  </reporter-output>
  <suite started-at="2021-06-12T10:15:31 PST" name="Default suite" finished-at="2021-06-12T10:15:41 PST" duration-ms="9914">
    <groups>
    </groups>
    <test started-at="2021-06-12T10:15:31 PST" name="Default test" finished-at="2021-06-12T10:15:41 PST" duration-ms="9914">
      <class name="Test1">
        <test-method signature="startBrowser()[pri:0, instance:Test1@69e1dd28]" started-at="2021-06-12T10:15:31 PST" name="startBrowser" finished-at="2021-06-12T10:15:41 PST" duration-ms="9881" status="PASS">
          <reporter-output>
          </reporter-output>
        </test-method> <!-- startBrowser -->
      </class> <!-- Test1 -->
    </test> <!-- Default test -->
  </suite> <!-- Default suite -->
</testng-results>
